<?xml version="1.0" encoding="UTF-8"?>
<!-- Generated by org.testng.reporters.JUnitReportReporter -->
<testsuite hostname="DVTLF7KCHC2" failures="0" tests="1" name="TestDatePicker.TestDatePicker" time="10.654" errors="0" timestamp="2022-05-05T14:28:20 CEST" skipped="0">
  <testcase classname="TestDatePicker.TestDatePicker" name="datePickerTest1" time="10.654"/>
  <system-out/>
</testsuite> <!-- TestDatePicker.TestDatePicker -->
