<?xml version="1.0" encoding="UTF-8"?>
<!-- Generated by org.testng.reporters.JUnitReportReporter -->
<testsuite hostname="DVTLF7KCHC2" failures="0" tests="1" name="testsTakealot.restDemo" time="2.932" errors="0" timestamp="2022-05-10T17:37:03 CEST" skipped="0">
  <testcase classname="testsTakealot.restDemo" name="testCreateAList" time="2.932"/>
  <system-out/>
</testsuite> <!-- testsTakealot.restDemo -->
