<?xml version="1.0" encoding="UTF-8"?>
<!-- Generated by org.testng.reporters.JUnitReportReporter -->
<testsuite hostname="DVTLF7KCHC2" failures="0" tests="2" name="testsTakealot.ReadDataFromExcel" time="0.027" errors="0" timestamp="2022-04-21T18:39:53 CEST" skipped="0">
  <testcase classname="testsTakealot.ReadDataFromExcel" name="BrandQuantitySting" time="0.024"/>
  <system-out/>
  <testcase classname="testsTakealot.ReadDataFromExcel" name="BrandQuantitySting" time="0.003"/>
  <system-out/>
</testsuite> <!-- testsTakealot.ReadDataFromExcel -->
