<?xml version="1.0" encoding="UTF-8"?>
<!-- Generated by org.testng.reporters.JUnitReportReporter -->
<testsuite hostname="DVTLF7KCHC2" failures="0" tests="1" name="testsTakealot.Tests" time="10.316" errors="0" timestamp="2022-05-02T09:13:11 CEST" skipped="0">
  <testcase classname="testsTakealot.Tests" name="GIVEN_shopperIsOnTheLandingPage_WHEN_ShopperENtersDKNY_AND_ShopperclicksthesearchButton_THEN_DKNYBeDelicois50ml" time="10.316"/>
  <system-out>
    <![CDATA[Expected Value  DKNY and Actual Value DKNY
 Actual Value DKNY Be Delicious EDT 50ml]]>
  </system-out>
</testsuite> <!-- testsTakealot.Tests -->
