<?xml version="1.0" encoding="UTF-8"?>
<!-- Generated by org.testng.reporters.JUnitReportReporter -->
<testsuite hostname="DVTLF7KCHC2" failures="0" tests="1" name="testsTakealot.Tests" time="15.807" errors="0" timestamp="2022-04-26T18:26:48 CEST" skipped="0">
  <testcase classname="testsTakealot.Tests" name="GIVEN_FirstItemDKNY_CheckWishList" time="15.807"/>
  <system-out>
    <![CDATA[Actual Searched Item Description is DKNY Be Delicious EDT 50ml
Actual Item Description is Wish List
Actual WL Item Description is DKNY Be Delicious EDT 50ml]]>
  </system-out>
</testsuite> <!-- testsTakealot.Tests -->
