<?xml version="1.0" encoding="UTF-8"?>
<!-- Generated by org.testng.reporters.JUnitReportReporter -->
<testsuite hostname="DVTLF7KCHC2" failures="0" tests="2" name="testsTakealot.ReadDataFromExcel" time="0.022" errors="0" timestamp="2022-05-12T15:56:34 CEST" skipped="0">
  <testcase classname="testsTakealot.ReadDataFromExcel" name="BrandQuantitySting" time="0.007"/>
  <system-out/>
  <testcase classname="testsTakealot.ReadDataFromExcel" name="BrandQuantitySting" time="0.015"/>
  <system-out/>
</testsuite> <!-- testsTakealot.ReadDataFromExcel -->
