<?xml version="1.0" encoding="UTF-8"?>
<!-- Generated by org.testng.reporters.JUnitReportReporter -->
<testsuite hostname="DVTLF7KCHC2" failures="0" tests="1" name="testsTakealot.testTakealotSmall" time="0.014" errors="0" timestamp="2022-05-05T18:27:31 CEST" skipped="0">
  <testcase classname="testsTakealot.testTakealotSmall" name="smallTest" time="0.014"/>
  <system-out/>
</testsuite> <!-- testsTakealot.testTakealotSmall -->
