<?xml version="1.0" encoding="UTF-8"?>
<!-- Generated by org.testng.reporters.JUnitReportReporter -->
<testsuite hostname="DVTLF7KCHC2" failures="0" tests="1" name="testsTakealot.Tests" time="9.173" errors="0" timestamp="2022-04-14T06:18:59 CEST" skipped="0">
  <testcase classname="testsTakealot.Tests" name="GIVEN_shopperIsOnTheLandingPage_WHEN_ShopperENtersDKNY_AND_ShopperclicksthesearchButton_THEN_DKNYBeDelicois50ml" time="9.173"/>
  <system-out/>
</testsuite> <!-- testsTakealot.Tests -->
