<?xml version="1.0" encoding="UTF-8"?>
<!-- Generated by org.testng.reporters.JUnitReportReporter -->
<testsuite hostname="DVTLF7KCHC2" failures="0" tests="1" name="testsTakealot.Tests" time="10.520" errors="0" timestamp="2022-05-12T16:25:36 CEST" skipped="0">
  <testcase classname="testsTakealot.Tests" name="GIVEN_FirstItemDKNY_Cart" time="10.520"/>
  <system-out/>
</testsuite> <!-- testsTakealot.Tests -->
