<?xml version="1.0" encoding="UTF-8"?>
<!-- Generated by org.testng.reporters.JUnitReportReporter -->
<testsuite hostname="DVTLF7KCHC2" failures="0" tests="1" name="TestDatePicker.TestDatePicker" time="11.706" errors="0" timestamp="2022-05-08T09:22:34 CEST" skipped="0">
  <testcase classname="TestDatePicker.TestDatePicker" name="datePickerTest1" time="11.706"/>
  <system-out/>
</testsuite> <!-- TestDatePicker.TestDatePicker -->
